<?xml version="1.0" encoding="UTF-8"?>
<!-- Generated by org.testng.reporters.JUnitXMLReporter -->
<testsuite hostname="DESKTOP-D2FNNVA" ignored="2" name="Default test" tests="1" failures="0" timestamp="27 Jun 2022 18:16:29 GMT" time="6.672" errors="0">
  <testcase name="verifyDeleteExpenseCategory" time="2.619" classname="com.supermarket.tests.ManageExpenseTest"/>
  <testcase name="verifyExpenseCategoryVisibility" time="0.0" classname="com.supermarket.tests.ManageExpenseTest">
    <ignored/>
  </testcase> <!-- verifyExpenseCategoryVisibility -->
  <testcase name="verifyEditExpenseCategory" time="0.0" classname="com.supermarket.tests.ManageExpenseTest">
    <ignored/>
  </testcase> <!-- verifyEditExpenseCategory -->
</testsuite> <!-- Default test -->
