<?xml version="1.0" encoding="UTF-8"?>
<testng-results skipped="0" failed="0" ignored="2" total="3" passed="1">
  <reporter-output>
  </reporter-output>
  <suite name="Default suite" duration-ms="6672" started-at="2022-06-27T18:16:22Z" finished-at="2022-06-27T18:16:29Z">
    <groups>
    </groups>
    <test name="Default test" duration-ms="6672" started-at="2022-06-27T18:16:22Z" finished-at="2022-06-27T18:16:29Z">
      <class name="com.supermarket.tests.ManageExpenseTest">
        <test-method status="PASS" signature="setUp()[pri:0, instance:com.supermarket.tests.ManageExpenseTest@2b9627bc]" name="setUp" is-config="true" duration-ms="4020" started-at="2022-06-27T18:16:22Z" finished-at="2022-06-27T18:16:26Z">
          <reporter-output>
          </reporter-output>
        </test-method> <!-- setUp -->
        <test-method status="PASS" signature="verifyDeleteExpenseCategory()[pri:0, instance:com.supermarket.tests.ManageExpenseTest@2b9627bc]" name="verifyDeleteExpenseCategory" duration-ms="2619" started-at="2022-06-27T18:16:26Z" finished-at="2022-06-27T18:16:29Z">
          <reporter-output>
          </reporter-output>
        </test-method> <!-- verifyDeleteExpenseCategory -->
        <test-method status="PASS" signature="tearDown(org.testng.ITestResult)[pri:0, instance:com.supermarket.tests.ManageExpenseTest@2b9627bc]" name="tearDown" is-config="true" duration-ms="0" started-at="2022-06-27T18:16:29Z" finished-at="2022-06-27T18:16:29Z">
          <params>
            <param index="0">
              <value>
                <![CDATA[[TestResult name=verifyDeleteExpenseCategory status=SUCCESS method=ManageExpenseTest.verifyDeleteExpenseCategory()[pri:0, instance:com.supermarket.tests.ManageExpenseTest@2b9627bc] output={null}]]]>
              </value>
            </param>
          </params>
          <reporter-output>
          </reporter-output>
        </test-method> <!-- tearDown -->
      </class> <!-- com.supermarket.tests.ManageExpenseTest -->
    </test> <!-- Default test -->
  </suite> <!-- Default suite -->
</testng-results>
