<?xml version="1.0" encoding="UTF-8"?>
<!-- Generated by org.testng.reporters.JUnitXMLReporter -->
<testsuite hostname="DESKTOP-D2FNNVA" ignored="7" name="Default test(failed)" tests="1" failures="1" timestamp="17 Jun 2022 06:18:41 GMT" time="9.759" errors="0">
  <testcase name="verifyInvalidUsername" time="1.263" classname="com.supermarket.tests.LoginTest">
    <failure type="java.lang.AssertionError" message="expected [true] but found [false]">
      <![CDATA[java.lang.AssertionError: expected [true] but found [false]
at com.supermarket.tests.LoginTest.verifyInvalidUsername(LoginTest.java:47)
... Removed 29 stack frames]]>
    </failure>
  </testcase> <!-- verifyInvalidUsername -->
  <testcase name="verifyRemembermeisSelected" time="0.0" classname="com.supermarket.tests.LoginTest">
    <ignored/>
  </testcase> <!-- verifyRemembermeisSelected -->
  <testcase name="verifyValidLogin" time="0.0" classname="com.supermarket.tests.LoginTest">
    <ignored/>
  </testcase> <!-- verifyValidLogin -->
  <testcase name="verifyLoginInfoMessage" time="0.0" classname="com.supermarket.tests.LoginTest">
    <ignored/>
  </testcase> <!-- verifyLoginInfoMessage -->
  <testcase name="verifyRemembermeisDisplayed" time="0.0" classname="com.supermarket.tests.LoginTest">
    <ignored/>
  </testcase> <!-- verifyRemembermeisDisplayed -->
  <testcase name="excelTest" time="0.0" classname="com.supermarket.tests.LoginTest">
    <ignored/>
  </testcase> <!-- excelTest -->
  <testcase name="verifyInvalidLoginDataProvider" time="0.0" classname="com.supermarket.tests.LoginTest">
    <ignored/>
  </testcase> <!-- verifyInvalidLoginDataProvider -->
  <testcase name="verifyInvalidLoginExcelandDataprovider" time="0.0" classname="com.supermarket.tests.LoginTest">
    <ignored/>
  </testcase> <!-- verifyInvalidLoginExcelandDataprovider -->
</testsuite> <!-- Default test(failed) -->
