<?xml version="1.0" encoding="UTF-8"?>
<!-- Generated by org.testng.reporters.JUnitXMLReporter -->
<testsuite hostname="DESKTOP-D2FNNVA" ignored="0" name="regression" tests="2" failures="1" timestamp="21 Jun 2022 02:29:14 GMT" time="13.408" errors="0">
  <testcase name="validateDashboardTitle" time="1.119" classname="com.supermarket.tests.DashboardTest"/>
  <testcase name="valiidateDashboardTiles" time="2.838" classname="com.supermarket.tests.DashboardTest">
    <failure type="java.lang.AssertionError" message="expected [true] but found [false]">
      <![CDATA[java.lang.AssertionError: expected [true] but found [false]
at com.supermarket.tests.DashboardTest.valiidateDashboardTiles(DashboardTest.java:18)
at java.util.concurrent.FutureTask.run(Unknown Source)
at java.util.concurrent.ThreadPoolExecutor.runWorker(Unknown Source)
at java.util.concurrent.ThreadPoolExecutor$Worker.run(Unknown Source)
at java.lang.Thread.run(Unknown Source)
... Removed 20 stack frames]]>
    </failure>
  </testcase> <!-- valiidateDashboardTiles -->
</testsuite> <!-- regression -->
