<?xml version="1.0" encoding="UTF-8"?>
<!-- Generated by org.testng.reporters.JUnitXMLReporter -->
<testsuite hostname="DESKTOP-D2FNNVA" ignored="7" name="Default test(failed)(failed)" tests="1" failures="0" timestamp="17 Jun 2022 06:19:41 GMT" time="6.119" errors="0">
  <testcase name="verifyInvalidUsername" time="1.06" classname="com.supermarket.tests.LoginTest"/>
  <testcase name="verifyRemembermeisSelected" time="0.0" classname="com.supermarket.tests.LoginTest">
    <ignored/>
  </testcase> <!-- verifyRemembermeisSelected -->
  <testcase name="verifyValidLogin" time="0.0" classname="com.supermarket.tests.LoginTest">
    <ignored/>
  </testcase> <!-- verifyValidLogin -->
  <testcase name="verifyRemembermeisDisplayed" time="0.0" classname="com.supermarket.tests.LoginTest">
    <ignored/>
  </testcase> <!-- verifyRemembermeisDisplayed -->
  <testcase name="verifyLoginInfoMessage" time="0.0" classname="com.supermarket.tests.LoginTest">
    <ignored/>
  </testcase> <!-- verifyLoginInfoMessage -->
  <testcase name="excelTest" time="0.0" classname="com.supermarket.tests.LoginTest">
    <ignored/>
  </testcase> <!-- excelTest -->
  <testcase name="verifyInvalidLoginDataProvider" time="0.0" classname="com.supermarket.tests.LoginTest">
    <ignored/>
  </testcase> <!-- verifyInvalidLoginDataProvider -->
  <testcase name="verifyInvalidLoginExcelandDataprovider" time="0.0" classname="com.supermarket.tests.LoginTest">
    <ignored/>
  </testcase> <!-- verifyInvalidLoginExcelandDataprovider -->
</testsuite> <!-- Default test(failed)(failed) -->
